INFO:     Will watch for changes in these directories: ['/usr/home/roger61205/NCKU_SA_2023/labs/lab04/musical-potato/api']
INFO:     Uvicorn running on http://0.0.0.0:8000 (Press CTRL+C to quit)
INFO:     Started reloader process [15047] using WatchFiles
2023-06-05 09:29:29.321 | WARNING  | storage:__create_block:25 - Creating folder: /tmp/block-0
2023-06-05 09:29:29.326 | WARNING  | storage:__create_block:25 - Creating folder: /tmp/block-1
2023-06-05 09:29:29.327 | WARNING  | storage:__create_block:25 - Creating folder: /tmp/block-2
2023-06-05 09:29:29.327 | WARNING  | storage:__create_block:25 - Creating folder: /tmp/block-3
INFO:     Started server process [15059]
INFO:     Waiting for application startup.
2023-06-05 09:29:29.343 | INFO     | app:startup_event:24 - Processing startup initialization
INFO:     Application startup complete.
INFO:     Will watch for changes in these directories: ['/usr/home/roger61205/NCKU_SA_2023/labs/lab04/musical-potato/api']
INFO:     Uvicorn running on http://0.0.0.0:8000 (Press CTRL+C to quit)
INFO:     Started reloader process [15189] using WatchFiles
2023-06-05 09:30:48.846 | WARNING  | storage:__create_block:25 - Creating folder: /tmp/block-0
2023-06-05 09:30:48.850 | WARNING  | storage:__create_block:25 - Creating folder: /tmp/block-1
2023-06-05 09:30:48.852 | WARNING  | storage:__create_block:25 - Creating folder: /tmp/block-2
2023-06-05 09:30:48.853 | WARNING  | storage:__create_block:25 - Creating folder: /tmp/block-3
INFO:     Started server process [15201]
INFO:     Waiting for application startup.
2023-06-05 09:30:48.870 | INFO     | app:startup_event:24 - Processing startup initialization
INFO:     Application startup complete.
